<?xml version="1.0" encoding="UTF-8"?>
<testng-results ignored="0" total="1" passed="1" failed="0" skipped="0">
  <reporter-output>
  </reporter-output>
  <suite started-at="2024-02-12T15:21:01 IST" name="Default suite" finished-at="2024-02-12T15:21:04 IST" duration-ms="3438">
    <groups>
    </groups>
    <test started-at="2024-02-12T15:21:01 IST" name="Default test" finished-at="2024-02-12T15:21:04 IST" duration-ms="3438">
      <class name="List.Pending_Batches.Batches_Test">
        <test-method signature="testDB()[pri:0, instance:List.Pending_Batches.Batches_Test@15aab8c6]" started-at="2024-02-12T15:21:01 IST" name="testDB" finished-at="2024-02-12T15:21:04 IST" duration-ms="3408" status="PASS">
          <reporter-output>
          </reporter-output>
        </test-method> <!-- testDB -->
      </class> <!-- List.Pending_Batches.Batches_Test -->
    </test> <!-- Default test -->
  </suite> <!-- Default suite -->
</testng-results>
